[  0%] Built target std_msgs_generate_messages_cpp
[  0%] Built target std_msgs_generate_messages_nodejs
[  0%] Built target std_msgs_generate_messages_py
[  0%] Built target std_msgs_generate_messages_eus
[  0%] Built target std_msgs_generate_messages_lisp
[  0%] Built target _localization_generate_messages_check_deps_Num
[ 11%] Built target localization_generate_messages_py
[ 17%] Built target localization_generate_messages_lisp
[ 29%] Built target localization_generate_messages_eus
[ 35%] Built target localization_generate_messages_cpp
[ 41%] Built target localization_generate_messages_nodejs
[ 41%] Built target localization_generate_messages
[ 52%] Built target talker
[ 64%] Built target listener
[35m[1mScanning dependencies of target localization[0m
[ 70%] [32mBuilding CXX object CMakeFiles/localization.dir/src/localization.cpp.o[0m
[01m[K/home/redbird-general/2018_AAV/dev_ws/src/localization/src/localization.cpp:[m[K In function â€˜[01m[Kint main(int, char**)[m[Kâ€™:
[01m[K/home/redbird-general/2018_AAV/dev_ws/src/localization/src/localization.cpp:57:147:[m[K [01;31m[Kerror: [m[Kno matching function for call to â€˜[01m[Kmake_shared(<brace-enclosed initializer list>)[m[Kâ€™
   boost::shared_ptr< std::vector< Robot > > redRobotList2 = boost::make_shared< std::vector< Robot > >({daredevil, deadpool, elmo, hellboy, flash});
[01;32m[K                                                                                                                                                   ^[m[K
In file included from [01m[K/usr/local/include/boost/smart_ptr/make_shared.hpp:15:0[m[K,
                 from [01m[K/usr/local/include/boost/make_shared.hpp:15[m[K,
                 from [01m[K/opt/ros/kinetic/include/ros/forwards.h:38[m[K,
                 from [01m[K/opt/ros/kinetic/include/ros/common.h:37[m[K,
                 from [01m[K/opt/ros/kinetic/include/ros/ros.h:43[m[K,
                 from [01m[K/home/redbird-general/2018_AAV/dev_ws/src/localization/src/localization.cpp:1[m[K:
[01m[K/usr/local/include/boost/smart_ptr/make_shared_object.hpp:246:87:[m[K [01;36m[Knote: [m[Kcandidate: typename boost::detail::sp_if_not_array<T>::type boost::make_shared(Args&& ...) [with T = std::vector<Robot>; Args = {}; typename boost::detail::sp_if_not_array<T>::type = boost::shared_ptr<std::vector<Robot> >]
 template< class T, class... Args > typename boost::detail::sp_if_not_array< T >::type make_shared( Args && ... args )
[01;32m[K                                                                                       ^[m[K
[01m[K/usr/local/include/boost/smart_ptr/make_shared_object.hpp:246:87:[m[K [01;36m[Knote: [m[K  candidate expects 0 arguments, 1 provided
In file included from [01m[K/usr/local/include/boost/smart_ptr/make_shared.hpp:18:0[m[K,
                 from [01m[K/usr/local/include/boost/make_shared.hpp:15[m[K,
                 from [01m[K/opt/ros/kinetic/include/ros/forwards.h:38[m[K,
                 from [01m[K/opt/ros/kinetic/include/ros/common.h:37[m[K,
                 from [01m[K/opt/ros/kinetic/include/ros/ros.h:43[m[K,
                 from [01m[K/home/redbird-general/2018_AAV/dev_ws/src/localization/src/localization.cpp:1[m[K:
[01m[K/usr/local/include/boost/smart_ptr/make_shared_array.hpp:18:5:[m[K [01;36m[Knote: [m[Kcandidate: template<class T> typename boost::detail::sp_if_array<T>::type boost::make_shared(std::size_t)
     make_shared(std::size_t size) {
[01;32m[K     ^[m[K
[01m[K/usr/local/include/boost/smart_ptr/make_shared_array.hpp:18:5:[m[K [01;36m[Knote: [m[K  template argument deduction/substitution failed:
/usr/local/include/boost/smart_ptr/make_shared_array.hpp: In substitution of â€˜[01m[Ktemplate<class T> typename boost::detail::sp_if_array<T>::type boost::make_shared(std::size_t) [with T = std::vector<Robot>][m[Kâ€™:
[01m[K/home/redbird-general/2018_AAV/dev_ws/src/localization/src/localization.cpp:57:147:[m[K   required from here
[01m[K/usr/local/include/boost/smart_ptr/make_shared_array.hpp:18:5:[m[K [01;31m[Kerror: [m[Kinvalid use of incomplete type â€˜[01m[Kstruct boost::detail::sp_if_array<std::vector<Robot> >[m[Kâ€™
In file included from [01m[K/usr/local/include/boost/smart_ptr/make_shared_array.hpp:13:0[m[K,
                 from [01m[K/usr/local/include/boost/smart_ptr/make_shared.hpp:18[m[K,
                 from [01m[K/usr/local/include/boost/make_shared.hpp:15[m[K,
                 from [01m[K/opt/ros/kinetic/include/ros/forwards.h:38[m[K,
                 from [01m[K/opt/ros/kinetic/include/ros/common.h:37[m[K,
                 from [01m[K/opt/ros/kinetic/include/ros/ros.h:43[m[K,
                 from [01m[K/home/redbird-general/2018_AAV/dev_ws/src/localization/src/localization.cpp:1[m[K:
[01m[K/usr/local/include/boost/smart_ptr/detail/sp_if_array.hpp:17:16:[m[K [01;36m[Knote: [m[Kdeclaration of â€˜[01m[Kstruct boost::detail::sp_if_array<std::vector<Robot> >[m[Kâ€™
         struct sp_if_array;
[01;32m[K                ^[m[K
In file included from [01m[K/usr/local/include/boost/smart_ptr/make_shared.hpp:18:0[m[K,
                 from [01m[K/usr/local/include/boost/make_shared.hpp:15[m[K,
                 from [01m[K/opt/ros/kinetic/include/ros/forwards.h:38[m[K,
                 from [01m[K/opt/ros/kinetic/include/ros/common.h:37[m[K,
                 from [01m[K/opt/ros/kinetic/include/ros/ros.h:43[m[K,
                 from [01m[K/home/redbird-general/2018_AAV/dev_ws/src/localization/src/localization.cpp:1[m[K:
[01m[K/usr/local/include/boost/smart_ptr/make_shared_array.hpp:39:5:[m[K [01;36m[Knote: [m[Kcandidate: template<class T> typename boost::detail::sp_if_size_array<T>::type boost::make_shared()
     make_shared() {
[01;32m[K     ^[m[K
[01m[K/usr/local/include/boost/smart_ptr/make_shared_array.hpp:39:5:[m[K [01;36m[Knote: [m[K  template argument deduction/substitution failed:
/usr/local/include/boost/smart_ptr/make_shared_array.hpp: In substitution of â€˜[01m[Ktemplate<class T> typename boost::detail::sp_if_size_array<T>::type boost::make_shared() [with T = std::vector<Robot>][m[Kâ€™:
[01m[K/home/redbird-general/2018_AAV/dev_ws/src/localization/src/localization.cpp:57:147:[m[K   required from here
[01m[K/usr/local/include/boost/smart_ptr/make_shared_array.hpp:39:5:[m[K [01;31m[Kerror: [m[Kinvalid use of incomplete type â€˜[01m[Kstruct boost::detail::sp_if_size_array<std::vector<Robot> >[m[Kâ€™
In file included from [01m[K/usr/local/include/boost/smart_ptr/make_shared_array.hpp:13:0[m[K,
                 from [01m[K/usr/local/include/boost/smart_ptr/make_shared.hpp:18[m[K,
                 from [01m[K/usr/local/include/boost/make_shared.hpp:15[m[K,
                 from [01m[K/opt/ros/kinetic/include/ros/forwards.h:38[m[K,
                 from [01m[K/opt/ros/kinetic/include/ros/common.h:37[m[K,
                 from [01m[K/opt/ros/kinetic/include/ros/ros.h:43[m[K,
                 from [01m[K/home/redbird-general/2018_AAV/dev_ws/src/localization/src/localization.cpp:1[m[K:
[01m[K/usr/local/include/boost/smart_ptr/detail/sp_if_array.hpp:25:16:[m[K [01;36m[Knote: [m[Kdeclaration of â€˜[01m[Kstruct boost::detail::sp_if_size_array<std::vector<Robot> >[m[Kâ€™
         struct sp_if_size_array;
[01;32m[K                ^[m[K
In file included from [01m[K/usr/local/include/boost/smart_ptr/make_shared.hpp:18:0[m[K,
                 from [01m[K/usr/local/include/boost/make_shared.hpp:15[m[K,
                 from [01m[K/opt/ros/kinetic/include/ros/forwards.h:38[m[K,
                 from [01m[K/opt/ros/kinetic/include/ros/common.h:37[m[K,
                 from [01m[K/opt/ros/kinetic/include/ros/ros.h:43[m[K,
                 from [01m[K/home/redbird-general/2018_AAV/dev_ws/src/localization/src/localization.cpp:1[m[K:
[01m[K/usr/local/include/boost/smart_ptr/make_shared_array.hpp:62:5:[m[K [01;36m[Knote: [m[Kcandidate: template<class T> typename boost::detail::sp_if_array<T>::type boost::make_shared(std::size_t, const typename boost::detail::array_inner<T>::type&)
     make_shared(std::size_t size,
[01;32m[K     ^[m[K
[01m[K/usr/local/include/boost/smart_ptr/make_shared_array.hpp:62:5:[m[K [01;36m[Knote: [m[K  template argument deduction/substitution failed:
/usr/local/include/boost/smart_ptr/make_shared_array.hpp: In substitution of â€˜[01m[Ktemplate<class T> typename boost::detail::sp_if_array<T>::type boost::make_shared(std::size_t, const typename boost::detail::array_inner<T>::type&) [with T = std::vector<Robot>][m[Kâ€™:
[01m[K/home/redbird-general/2018_AAV/dev_ws/src/localization/src/localization.cpp:57:147:[m[K   required from here
[01m[K/usr/local/include/boost/smart_ptr/make_shared_array.hpp:62:5:[m[K [01;31m[Kerror: [m[Kinvalid use of incomplete type â€˜[01m[Kstruct boost::detail::sp_if_array<std::vector<Robot> >[m[Kâ€™
In file included from [01m[K/usr/local/include/boost/smart_ptr/make_shared_array.hpp:13:0[m[K,
                 from [01m[K/usr/local/include/boost/smart_ptr/make_shared.hpp:18[m[K,
                 from [01m[K/usr/local/include/boost/make_shared.hpp:15[m[K,
                 from [01m[K/opt/ros/kinetic/include/ros/forwards.h:38[m[K,
                 from [01m[K/opt/ros/kinetic/include/ros/common.h:37[m[K,
                 from [01m[K/opt/ros/kinetic/include/ros/ros.h:43[m[K,
                 from [01m[K/home/redbird-general/2018_AAV/dev_ws/src/localization/src/localization.cpp:1[m[K:
[01m[K/usr/local/include/boost/smart_ptr/detail/sp_if_array.hpp:17:16:[m[K [01;36m[Knote: [m[Kdeclaration of â€˜[01m[Kstruct boost::detail::sp_if_array<std::vector<Robot> >[m[Kâ€™
         struct sp_if_array;
[01;32m[K                ^[m[K
In file included from [01m[K/usr/local/include/boost/smart_ptr/make_shared.hpp:18:0[m[K,
                 from [01m[K/usr/local/include/boost/make_shared.hpp:15[m[K,
                 from [01m[K/opt/ros/kinetic/include/ros/forwards.h:38[m[K,
                 from [01m[K/opt/ros/kinetic/include/ros/common.h:37[m[K,
                 from [01m[K/opt/ros/kinetic/include/ros/ros.h:43[m[K,
                 from [01m[K/home/redbird-general/2018_AAV/dev_ws/src/localization/src/localization.cpp:1[m[K:
[01m[K/usr/local/include/boost/smart_ptr/make_shared_array.hpp:89:5:[m[K [01;36m[Knote: [m[Kcandidate: template<class T> typename boost::detail::sp_if_size_array<T>::type boost::make_shared(const typename boost::detail::array_inner<T>::type&)
     make_shared(const typename boost::detail::array_inner<T>::type& value) {
[01;32m[K     ^[m[K
[01m[K/usr/local/include/boost/smart_ptr/make_shared_array.hpp:89:5:[m[K [01;36m[Knote: [m[K  template argument deduction/substitution failed:
/usr/local/include/boost/smart_ptr/make_shared_array.hpp: In substitution of â€˜[01m[Ktemplate<class T> typename boost::detail::sp_if_size_array<T>::type boost::make_shared(const typename boost::detail::array_inner<T>::type&) [with T = std::vector<Robot>][m[Kâ€™:
[01m[K/home/redbird-general/2018_AAV/dev_ws/src/localization/src/localization.cpp:57:147:[m[K   required from here
[01m[K/usr/local/include/boost/smart_ptr/make_shared_array.hpp:89:5:[m[K [01;31m[Kerror: [m[Kinvalid use of incomplete type â€˜[01m[Kstruct boost::detail::sp_if_size_array<std::vector<Robot> >[m[Kâ€™
In file included from [01m[K/usr/local/include/boost/smart_ptr/make_shared_array.hpp:13:0[m[K,
                 from [01m[K/usr/local/include/boost/smart_ptr/make_shared.hpp:18[m[K,
                 from [01m[K/usr/local/include/boost/make_shared.hpp:15[m[K,
                 from [01m[K/opt/ros/kinetic/include/ros/forwards.h:38[m[K,
                 from [01m[K/opt/ros/kinetic/include/ros/common.h:37[m[K,
                 from [01m[K/opt/ros/kinetic/include/ros/ros.h:43[m[K,
                 from [01m[K/home/redbird-general/2018_AAV/dev_ws/src/localization/src/localization.cpp:1[m[K:
[01m[K/usr/local/include/boost/smart_ptr/detail/sp_if_array.hpp:25:16:[m[K [01;36m[Knote: [m[Kdeclaration of â€˜[01m[Kstruct boost::detail::sp_if_size_array<std::vector<Robot> >[m[Kâ€™
         struct sp_if_size_array;
[01;32m[K                ^[m[K
CMakeFiles/localization.dir/build.make:62: recipe for target 'CMakeFiles/localization.dir/src/localization.cpp.o' failed
make[2]: *** [CMakeFiles/localization.dir/src/localization.cpp.o] Error 1
CMakeFiles/Makefile2:562: recipe for target 'CMakeFiles/localization.dir/all' failed
make[1]: *** [CMakeFiles/localization.dir/all] Error 2
Makefile:138: recipe for target 'all' failed
make: *** [all] Error 2
